c:\users\billp\onedrive\υπολογιστής\glp\minecraftchallenge\minecraftchallenge\minecraftchallenge\x64\debug\vc143.pdb
c:\users\billp\onedrive\υπολογιστής\glp\minecraftchallenge\minecraftchallenge\minecraftchallenge\x64\debug\vc143.idb
c:\users\billp\onedrive\υπολογιστής\glp\minecraftchallenge\minecraftchallenge\minecraftchallenge\x64\debug\matrices.obj
c:\users\billp\onedrive\υπολογιστής\glp\minecraftchallenge\minecraftchallenge\minecraftchallenge\x64\debug\window.obj
c:\users\billp\onedrive\υπολογιστής\glp\minecraftchallenge\minecraftchallenge\minecraftchallenge\x64\debug\textureloader.obj
c:\users\billp\onedrive\υπολογιστής\glp\minecraftchallenge\minecraftchallenge\minecraftchallenge\x64\debug\shaderloader.obj
c:\users\billp\onedrive\υπολογιστής\glp\minecraftchallenge\minecraftchallenge\minecraftchallenge\x64\debug\mesh.obj
c:\users\billp\onedrive\υπολογιστής\glp\minecraftchallenge\minecraftchallenge\minecraftchallenge\x64\debug\main.obj
c:\users\billp\onedrive\υπολογιστής\glp\minecraftchallenge\minecraftchallenge\minecraftchallenge\x64\debug\camera.obj
c:\users\billp\onedrive\υπολογιστής\glp\minecraftchallenge\minecraftchallenge\minecraftchallenge\x64\debug\blockmanager.obj
c:\users\billp\onedrive\υπολογιστής\glp\minecraftchallenge\minecraftchallenge\minecraftchallenge\x64\debug\chunk.obj
c:\users\billp\onedrive\υπολογιστής\glp\minecraftchallenge\minecraftchallenge\x64\debug\minecraftchallenge.exe
c:\users\billp\onedrive\υπολογιστής\glp\minecraftchallenge\minecraftchallenge\minecraftchallenge\x64\debug\minecraftchallenge.ilk
c:\users\billp\onedrive\υπολογιστής\glp\minecraftchallenge\minecraftchallenge\x64\debug\minecraftchallenge.pdb
c:\users\billp\onedrive\υπολογιστής\glp\minecraftchallenge\minecraftchallenge\minecraftchallenge\x64\debug\minecraf.d399077c.tlog\cl.command.1.tlog
c:\users\billp\onedrive\υπολογιστής\glp\minecraftchallenge\minecraftchallenge\minecraftchallenge\x64\debug\minecraf.d399077c.tlog\cl.items.tlog
c:\users\billp\onedrive\υπολογιστής\glp\minecraftchallenge\minecraftchallenge\minecraftchallenge\x64\debug\minecraf.d399077c.tlog\cl.read.1.tlog
c:\users\billp\onedrive\υπολογιστής\glp\minecraftchallenge\minecraftchallenge\minecraftchallenge\x64\debug\minecraf.d399077c.tlog\cl.write.1.tlog
c:\users\billp\onedrive\υπολογιστής\glp\minecraftchallenge\minecraftchallenge\minecraftchallenge\x64\debug\minecraf.d399077c.tlog\link.command.1.tlog
c:\users\billp\onedrive\υπολογιστής\glp\minecraftchallenge\minecraftchallenge\minecraftchallenge\x64\debug\minecraf.d399077c.tlog\link.read.1.tlog
c:\users\billp\onedrive\υπολογιστής\glp\minecraftchallenge\minecraftchallenge\minecraftchallenge\x64\debug\minecraf.d399077c.tlog\link.write.1.tlog
